########### array before sorts ###########
0	0.000000	53.340000	64.516000	53.340000	n
1	64.516000	53.340000	66.040000	51.816000	n
2	66.040000	40.386000	68.580000	37.846000	n
3	68.580000	37.846000	68.580000	5.080000	n
4	68.580000	5.080000	66.040000	2.540000	n
5	66.040000	2.540000	66.040000	0.000000	n
6	66.040000	0.000000	0.000000	0.000000	n
7	0.000000	0.000000	0.000000	53.340000	n
8	66.040000	51.816000	66.040000	40.386000	n
Tolerance=0.050000.
*Exact match for i=0 and j=1.
*i point 0.000000	53.340000	64.516000	53.340000	y
*Exact match for i=1 and j=8.
*i point 64.516000	53.340000	66.040000	51.816000	y
*Exact match for i=2 and j=8.
*i point 66.040000	51.816000	66.040000	40.386000	y
*Exact match for i=3 and j=8.
*i point 66.040000	40.386000	68.580000	37.846000	y
*Exact match for i=4 and j=8.
*i point 68.580000	37.846000	68.580000	5.080000	y
*Exact match for i=5 and j=8.
*i point 68.580000	5.080000	66.040000	2.540000	y
*Exact match for i=6 and j=8.
*i point 66.040000	2.540000	66.040000	0.000000	y
*Exact match for i=7 and j=8.
*i point 66.040000	0.000000	0.000000	0.000000	y
########### array after sorts ###########
0	0.000000	53.340000	64.516000	53.340000	y
1	64.516000	53.340000	66.040000	51.816000	y
2	66.040000	51.816000	66.040000	40.386000	y
3	66.040000	40.386000	68.580000	37.846000	y
4	68.580000	37.846000	68.580000	5.080000	y
5	68.580000	5.080000	66.040000	2.540000	y
6	66.040000	2.540000	66.040000	0.000000	y
7	66.040000	0.000000	0.000000	0.000000	y
8	0.000000	0.000000	0.000000	53.340000	y
***************
.BOARD_OUTLINE UNOWNED
1.6
0     0.000000     53.340000     0
0     64.516000     53.340000     0
0     66.040000     51.816000     0
0     66.040000     40.386000     0
0     68.580000     37.846000     0
0     68.580000     5.080000     0
0     66.040000     2.540000     0
0     66.040000     0.000000     0
0     0.000000     0.000000     0
0     0.000000     53.340000     0
